<?xml version="1.0" encoding="UTF-8" ?>
<testsuite tests="3" failures="0" name="bank.tests.unit.BankAccountTest" time="0.108" errors="0" skipped="0">
  <properties>
    <property name="idea.version" value="2021.2.3"/>
    <property name="java.runtime.name" value="OpenJDK Runtime Environment"/>
    <property name="java.vm.version" value="15.0.2+7-27"/>
    <property name="sun.boot.library.path" value="C:\Users\03737971\.jdks\openjdk-15.0.2\bin"/>
    <property name="maven.multiModuleProjectDirectory" value="C:\repositories\10-outside-in-with-bank-kata"/>
    <property name="java.vm.vendor" value="Oracle Corporation"/>
    <property name="java.vendor.url" value="https://java.oracle.com/"/>
    <property name="guice.disable.misplaced.annotation.check" value="true"/>
    <property name="path.separator" value=";"/>
    <property name="java.vm.name" value="OpenJDK 64-Bit Server VM"/>
    <property name="sun.os.patch.level" value=""/>
    <property name="user.script" value=""/>
    <property name="user.country" value="ES"/>
    <property name="sun.java.launcher" value="SUN_STANDARD"/>
    <property name="java.vm.specification.name" value="Java Virtual Machine Specification"/>
    <property name="user.dir" value="C:\repositories\10-outside-in-with-bank-kata"/>
    <property name="java.vm.compressedOopsMode" value="Zero based"/>
    <property name="java.runtime.version" value="15.0.2+7-27"/>
    <property name="os.arch" value="amd64"/>
    <property name="java.io.tmpdir" value="C:\Users\03737971\AppData\Local\Temp\"/>
    <property name="line.separator" value="
"/>
    <property name="java.vm.specification.vendor" value="Oracle Corporation"/>
    <property name="user.variant" value=""/>
    <property name="os.name" value="Windows 10"/>
    <property name="maven.ext.class.path" value="C:\Users\03737971\AppData\Local\JetBrains\Toolbox\apps\IDEA-U\ch-0\212.5457.46\plugins\maven\lib\maven-event-listener.jar"/>
    <property name="classworlds.conf" value="C:\Users\03737971\AppData\Local\JetBrains\Toolbox\apps\IDEA-U\ch-0\212.5457.46\plugins\maven\lib\maven3\bin\m2.conf"/>
    <property name="sun.jnu.encoding" value="Cp1252"/>
    <property name="java.library.path" value="C:\Users\03737971\.jdks\openjdk-15.0.2\bin;C:\Windows\Sun\Java\bin;C:\Windows\system32;C:\Windows;C:\Windows\system32;C:\Windows;C:\Windows\System32\Wbem;C:\Windows\System32\WindowsPowerShell\v1.0\;C:\Windows\System32\OpenSSH\;C:\Program Files\Docker\Docker\resources\bin;C:\ProgramData\DockerDesktop\version-bin;C:\Program Files\Amazon\AWSCLIV2\;C:\Program Files\7-Zip;C:\Users\03737971\AppData\Local\Microsoft\WindowsApps;C:\Users\03737971\AppData\Local\Programs\Git\cmd;."/>
    <property name="maven.conf" value="C:\Users\03737971\AppData\Local\JetBrains\Toolbox\apps\IDEA-U\ch-0\212.5457.46\plugins\maven\lib\maven3/conf"/>
    <property name="jdk.debug" value="release"/>
    <property name="java.class.version" value="59.0"/>
    <property name="java.specification.name" value="Java Platform API Specification"/>
    <property name="sun.management.compiler" value="HotSpot 64-Bit Tiered Compilers"/>
    <property name="os.version" value="10.0"/>
    <property name="user.home" value="C:\Users\03737971"/>
    <property name="user.timezone" value="Europe/Madrid"/>
    <property name="file.encoding" value="UTF-8"/>
    <property name="java.specification.version" value="15"/>
    <property name="user.name" value="03737971"/>
    <property name="java.class.path" value="C:\Users\03737971\AppData\Local\JetBrains\Toolbox\apps\IDEA-U\ch-0\212.5457.46\plugins\maven\lib\maven3\boot\plexus-classworlds-2.6.0.jar;C:\Users\03737971\AppData\Local\JetBrains\Toolbox\apps\IDEA-U\ch-0\212.5457.46\plugins\maven\lib\maven3\boot\plexus-classworlds.license"/>
    <property name="java.vm.specification.version" value="15"/>
    <property name="sun.arch.data.model" value="64"/>
    <property name="sun.java.command" value="org.codehaus.classworlds.Launcher -Didea.version=2021.2.3 test"/>
    <property name="java.home" value="C:\Users\03737971\.jdks\openjdk-15.0.2"/>
    <property name="user.language" value="es"/>
    <property name="java.specification.vendor" value="Oracle Corporation"/>
    <property name="java.vm.info" value="mixed mode, sharing"/>
    <property name="java.version" value="15.0.2"/>
    <property name="java.vendor" value="Oracle Corporation"/>
    <property name="maven.home" value="C:\Users\03737971\AppData\Local\JetBrains\Toolbox\apps\IDEA-U\ch-0\212.5457.46\plugins\maven\lib\maven3"/>
    <property name="file.separator" value="\"/>
    <property name="java.version.date" value="2021-01-19"/>
    <property name="java.vendor.url.bug" value="https://bugreport.java.com/bugreport/"/>
    <property name="sun.io.unicode.encoding" value="UnicodeLittle"/>
    <property name="sun.cpu.endian" value="little"/>
    <property name="sun.cpu.isalist" value="amd64"/>
  </properties>
  <testcase classname="bank.tests.unit.BankAccountTest" name="deposit_money" time="0.107"/>
  <testcase classname="bank.tests.unit.BankAccountTest" name="withdraw_money" time="0"/>
  <testcase classname="bank.tests.unit.BankAccountTest" name="print_bank_statement" time="0.001"/>
</testsuite>